Arguments: 
  /usr/bin/nodejs /usr/bin/yarn add -D protractor

PATH: 
  /home/ahernd2/bin:/usr/local/sbin:/usr/local/bin:/usr/sbin:/usr/bin:/sbin:/bin:/usr/games:/usr/local/games:/snap/bin

Yarn version: 
  0.27.5

Node version: 
  6.11.1

Platform: 
  linux x64

npm manifest: 
  {
    "name": "protractor-static-server-plugin",
    "version": "0.0.1",
    "description": "Static file server plugin for protractor",
    "main": "index.js",
    "repository": "https://github.com/el-davo/protractor-static-server-plugin.git",
    "author": "el-davo",
    "license": "MIT"
  }

yarn manifest: 
  No manifest

Lockfile: 
  No lockfile

Trace: 
  Error: http://10.60.142.218:15000/protractor: ETIMEDOUT
      at Timeout._onTimeout (/usr/lib/node_modules/yarn/node_modules/request/request.js:852:19)
      at ontimeout (timers.js:386:14)
      at tryOnTimeout (timers.js:250:5)
      at Timer.listOnTimeout (timers.js:214:5)
